# JRE version: Java(TM) SE Runtime Environment (8.0_102-b14) (build 1.8.0_102-b14)
# Java VM: Java HotSpot(TM) Client VM (25.102-b14 mixed mode windows-x86 )
Heap:
 def new generation   total 44416K, used 24634K [0x06800000, 0x09830000, 0x112a0000)
  eden space 39488K,  59% used [0x06800000, 0x07ededa0, 0x08e90000)
  from space 4928K,  24% used [0x09360000, 0x0948fe00, 0x09830000)
  to   space 4928K,   0% used [0x08e90000, 0x08e90000, 0x09360000)
 tenured generation   total 98440K, used 56480K [0x112a0000, 0x172c2000, 0x26800000)
   the space 98440K,  57% used [0x112a0000, 0x149c8200, 0x149c8200, 0x172c2000)
 Metaspace       used 57810K, capacity 60703K, committed 60800K, reserved 60800K
GC Heap History (10 events):
Event: 181993.485 GC heap before
{Heap before GC invocations=704 (full 8):
 def new generation   total 44416K, used 40930K [0x06800000, 0x09830000, 0x112a0000)
  eden space 39488K, 100% used [0x06800000, 0x08e90000, 0x08e90000)
  from space 4928K,  29% used [0x08e90000, 0x08ff88b0, 0x09360000)
  to   space 4928K,   0% used [0x09360000, 0x09360000, 0x09830000)
 tenured generation   total 98440K, used 56282K [0x112a0000, 0x172c2000, 0x26800000)
   the space 98440K,  57% used [0x112a0000, 0x14996aa0, 0x14996c00, 0x172c2000)
 Metaspace       used 57495K, capacity 60405K, committed 60544K, reserved 60800K
Event: 181993.494 GC heap after
Heap after GC invocations=705 (full 8):
 def new generation   total 44416K, used 1106K [0x06800000, 0x09830000, 0x112a0000)
  eden space 39488K,   0% used [0x06800000, 0x06800000, 0x08e90000)
  from space 4928K,  22% used [0x09360000, 0x09474898, 0x09830000)
  to   space 4928K,   0% used [0x08e90000, 0x08e90000, 0x09360000)
 tenured generation   total 98440K, used 56364K [0x112a0000, 0x172c2000, 0x26800000)
   the space 98440K,  57% used [0x112a0000, 0x149ab310, 0x149ab400, 0x172c2000)
 Metaspace       used 57495K, capacity 60405K, committed 60544K, reserved 60800K
}
Event: 181993.621 GC heap before
{Heap before GC invocations=705 (full 8):
 def new generation   total 44416K, used 40594K [0x06800000, 0x09830000, 0x112a0000)
  eden space 39488K, 100% used [0x06800000, 0x08e90000, 0x08e90000)
  from space 4928K,  22% used [0x09360000, 0x09474898, 0x09830000)
  to   space 4928K,   0% used [0x08e90000, 0x08e90000, 0x09360000)
 tenured generation   total 98440K, used 56364K [0x112a0000, 0x172c2000, 0x26800000)
   the space 98440K,  57% used [0x112a0000, 0x149ab310, 0x149ab400, 0x172c2000)
 Metaspace       used 57495K, capacity 60405K, committed 60544K, reserved 60800K
Event: 181993.630 GC heap after
Heap after GC invocations=706 (full 8):
 def new generation   total 44416K, used 1248K [0x06800000, 0x09830000, 0x112a0000)
  eden space 39488K,   0% used [0x06800000, 0x06800000, 0x08e90000)
  from space 4928K,  25% used [0x08e90000, 0x08fc83f8, 0x09360000)
  to   space 4928K,   0% used [0x09360000, 0x09360000, 0x09830000)
 tenured generation   total 98440K, used 56463K [0x112a0000, 0x172c2000, 0x26800000)
   the space 98440K,  57% used [0x112a0000, 0x149c3f48, 0x149c4000, 0x172c2000)
 Metaspace       used 57495K, capacity 60405K, committed 60544K, reserved 60800K
}
Event: 181996.128 GC heap before
{Heap before GC invocations=706 (full 8):
 def new generation   total 44416K, used 40736K [0x06800000, 0x09830000, 0x112a0000)
  eden space 39488K, 100% used [0x06800000, 0x08e90000, 0x08e90000)
  from space 4928K,  25% used [0x08e90000, 0x08fc83f8, 0x09360000)
  to   space 4928K,   0% used [0x09360000, 0x09360000, 0x09830000)
 tenured generation   total 98440K, used 56463K [0x112a0000, 0x172c2000, 0x26800000)
   the space 98440K,  57% used [0x112a0000, 0x149c3f48, 0x149c4000, 0x172c2000)
 Metaspace       used 57495K, capacity 60405K, committed 60544K, reserved 60800K
Event: 181996.137 GC heap after
Heap after GC invocations=707 (full 8):
 def new generation   total 44416K, used 1094K [0x06800000, 0x09830000, 0x112a0000)
  eden space 39488K,   0% used [0x06800000, 0x06800000, 0x08e90000)
  from space 4928K,  22% used [0x09360000, 0x09471868, 0x09830000)
  to   space 4928K,   0% used [0x08e90000, 0x08e90000, 0x09360000)
 tenured generation   total 98440K, used 56469K [0x112a0000, 0x172c2000, 0x26800000)
   the space 98440K,  57% used [0x112a0000, 0x149c5548, 0x149c5600, 0x172c2000)
 Metaspace       used 57495K, capacity 60405K, committed 60544K, reserved 60800K
}
Event: 181997.250 GC heap before
{Heap before GC invocations=707 (full 8):
 def new generation   total 44416K, used 40582K [0x06800000, 0x09830000, 0x112a0000)
  eden space 39488K, 100% used [0x06800000, 0x08e90000, 0x08e90000)
  from space 4928K,  22% used [0x09360000, 0x09471868, 0x09830000)
  to   space 4928K,   0% used [0x08e90000, 0x08e90000, 0x09360000)
 tenured generation   total 98440K, used 56469K [0x112a0000, 0x172c2000, 0x26800000)
   the space 98440K,  57% used [0x112a0000, 0x149c5548, 0x149c5600, 0x172c2000)
 Metaspace       used 57495K, capacity 60405K, committed 60544K, reserved 60800K
Event: 181997.260 GC heap after
Heap after GC invocations=708 (full 8):
 def new generation   total 44416K, used 1224K [0x06800000, 0x09830000, 0x112a0000)
  eden space 39488K,   0% used [0x06800000, 0x06800000, 0x08e90000)
  from space 4928K,  24% used [0x08e90000, 0x08fc20a8, 0x09360000)
  to   space 4928K,   0% used [0x09360000, 0x09360000, 0x09830000)
 tenured generation   total 98440K, used 56476K [0x112a0000, 0x172c2000, 0x26800000)
   the space 98440K,  57% used [0x112a0000, 0x149c7370, 0x149c7400, 0x172c2000)
 Metaspace       used 57495K, capacity 60405K, committed 60544K, reserved 60800K
}
Event: 182043.714 GC heap before
{Heap before GC invocations=708 (full 8):
 def new generation   total 44416K, used 40712K [0x06800000, 0x09830000, 0x112a0000)
  eden space 39488K, 100% used [0x06800000, 0x08e90000, 0x08e90000)
  from space 4928K,  24% used [0x08e90000, 0x08fc20a8, 0x09360000)
  to   space 4928K,   0% used [0x09360000, 0x09360000, 0x09830000)
 tenured generation   total 98440K, used 56476K [0x112a0000, 0x172c2000, 0x26800000)
   the space 98440K,  57% used [0x112a0000, 0x149c7370, 0x149c7400, 0x172c2000)
 Metaspace       used 57526K, capacity 60415K, committed 60544K, reserved 60800K
Event: 182043.730 GC heap after
Heap after GC invocations=709 (full 8):
 def new generation   total 44416K, used 1215K [0x06800000, 0x09830000, 0x112a0000)
  eden space 39488K,   0% used [0x06800000, 0x06800000, 0x08e90000)
  from space 4928K,  24% used [0x09360000, 0x0948fe00, 0x09830000)
  to   space 4928K,   0% used [0x08e90000, 0x08e90000, 0x09360000)
 tenured generation   total 98440K, used 56480K [0x112a0000, 0x172c2000, 0x26800000)
   the space 98440K,  57% used [0x112a0000, 0x149c8200, 0x149c8200, 0x172c2000)
 Metaspace       used 57526K, capacity 60415K, committed 60544K, reserved 60800K
}

